<?xml version="1.0" encoding="UTF-8"?>
<testsuite xmlns:xsi="http://www.w3.org/2001/XMLSchema-instance" xsi:noNamespaceSchemaLocation="https://maven.apache.org/surefire/maven-surefire-plugin/xsd/surefire-test-report-3.0.xsd" version="3.0" name="ru.example.hotel.rest.HotelResourceTest" time="9.101" tests="14" errors="0" skipped="0" failures="0">
  <properties>
[...]
</properties>
  <testcase name="testDeleteHotelNotFound" classname="ru.example.hotel.rest.HotelResourceTest" time="0.938">
    <system-out><![CDATA[19:26:04 WARN  [io.qu.ar.de.BeanArchiveProcessor] (build-57) Detected bean archive with bean discovery mode of 'all', this is not portable in CDI Lite and is treated as 'annotated' in Quarkus! Path to beans.xml: ru.example.hotel:hotel-ejb-api:G:\hotel-service\hotel-service\hotel-ejb-api\target\classes\META-INF\beans.xml
19:26:06 INFO  [io.quarkus] (main) hotel-rest-api 1.0.0-SNAPSHOT on JVM (powered by Quarkus 3.6.4) started in 3.261s. Listening on: http://0.0.0.0:61784
19:26:06 INFO  [io.quarkus] (main) Profile test activated. 
19:26:06 INFO  [io.quarkus] (main) Installed features: [cdi, hibernate-validator, resteasy-reactive, resteasy-reactive-jackson, smallrye-context-propagation, smallrye-health, smallrye-openapi, swagger-ui, vertx]
19:26:07 INFO  [ru.ex.ho.re.re.HotelResource] (executor-thread-1) DELETE /api/v1/hotels/9999
]]></system-out>
  </testcase>
  <testcase name="testDeleteHotel" classname="ru.example.hotel.rest.HotelResourceTest" time="0.559">
    <system-out><![CDATA[19:26:07 INFO  [ru.ex.ho.re.re.HotelResource] (executor-thread-1) POST /api/v1/hotels - Creating hotel: Hotel to Delete
19:26:07 INFO  [ru.ex.ho.re.re.HotelResource] (executor-thread-1) DELETE /api/v1/hotels/3
19:26:07 INFO  [ru.ex.ho.re.re.HotelResource] (executor-thread-1) GET /api/v1/hotels/3
]]></system-out>
  </testcase>
  <testcase name="testGetAllHotelsWithPagination" classname="ru.example.hotel.rest.HotelResourceTest" time="0.068">
    <system-out><![CDATA[19:26:07 INFO  [ru.ex.ho.re.re.HotelResource] (executor-thread-1) GET /api/v1/hotels - page=0, size=1, sort=asc
]]></system-out>
  </testcase>
  <testcase name="testUpdateHotelNotFound" classname="ru.example.hotel.rest.HotelResourceTest" time="0.014">
    <system-out><![CDATA[19:26:07 INFO  [ru.ex.ho.re.re.HotelResource] (executor-thread-1) PUT /api/v1/hotels/999
]]></system-out>
  </testcase>
  <testcase name="testGetAllHotelsWithSortDesc" classname="ru.example.hotel.rest.HotelResourceTest" time="0.048">
    <system-out><![CDATA[19:26:07 INFO  [ru.ex.ho.re.re.HotelResource] (executor-thread-1) GET /api/v1/hotels - page=0, size=10, sort=desc
]]></system-out>
  </testcase>
  <testcase name="testHealthEndpoint" classname="ru.example.hotel.rest.HotelResourceTest" time="0.018"/>
  <testcase name="testCreateHotelValidationError" classname="ru.example.hotel.rest.HotelResourceTest" time="0.011">
    <system-out><![CDATA[19:26:08 INFO  [ru.ex.ho.re.re.HotelResource] (executor-thread-1) POST /api/v1/hotels - Creating hotel: 
]]></system-out>
  </testcase>
  <testcase name="testUpdateHotel" classname="ru.example.hotel.rest.HotelResourceTest" time="0.052">
    <system-out><![CDATA[19:26:08 INFO  [ru.ex.ho.re.re.HotelResource] (executor-thread-1) POST /api/v1/hotels - Creating hotel: Hotel to Update
19:26:08 INFO  [ru.ex.ho.re.re.HotelResource] (executor-thread-1) PUT /api/v1/hotels/4
]]></system-out>
  </testcase>
  <testcase name="testCreateHotel" classname="ru.example.hotel.rest.HotelResourceTest" time="0.033">
    <system-out><![CDATA[19:26:08 INFO  [ru.ex.ho.re.re.HotelResource] (executor-thread-1) POST /api/v1/hotels - Creating hotel: Test Hotel
]]></system-out>
  </testcase>
  <testcase name="testOpenApiEndpoint" classname="ru.example.hotel.rest.HotelResourceTest" time="0.068"/>
  <testcase name="testGetAllHotels" classname="ru.example.hotel.rest.HotelResourceTest" time="0.035">
    <system-out><![CDATA[19:26:08 INFO  [ru.ex.ho.re.re.HotelResource] (executor-thread-1) GET /api/v1/hotels - page=0, size=10, sort=asc
]]></system-out>
  </testcase>
  <testcase name="testGetHotelById" classname="ru.example.hotel.rest.HotelResourceTest" time="0.035">
    <system-out><![CDATA[19:26:08 INFO  [ru.ex.ho.re.re.HotelResource] (executor-thread-1) GET /api/v1/hotels/1
]]></system-out>
  </testcase>
  <testcase name="testGetHotelByIdNotFound" classname="ru.example.hotel.rest.HotelResourceTest" time="0.015">
    <system-out><![CDATA[19:26:08 INFO  [ru.ex.ho.re.re.HotelResource] (executor-thread-1) GET /api/v1/hotels/999
]]></system-out>
  </testcase>
  <testcase name="testCreateHotelWithoutAddress" classname="ru.example.hotel.rest.HotelResourceTest" time="0.01">
    <system-out><![CDATA[19:26:08 INFO  [ru.ex.ho.re.re.HotelResource] (executor-thread-1) POST /api/v1/hotels - Creating hotel: Hotel Without Address
]]></system-out>
  </testcase>
</testsuite>